<?xml version="1.0" encoding="UTF-8"?>
<testsuite xmlns:xsi="http://www.w3.org/2001/XMLSchema-instance" xsi:noNamespaceSchemaLocation="https://maven.apache.org/surefire/maven-surefire-plugin/xsd/surefire-test-report.xsd" name="com.se.hmsbackend.HmsBackEndApplicationTests" time="6.516" tests="1" errors="0" skipped="0" failures="0">
  <properties>
    <property name="java.specification.version" value="17"/>
    <property name="sun.cpu.isalist" value="amd64"/>
    <property name="sun.jnu.encoding" value="GBK"/>
    <property name="java.class.path" value="D:\items\SE\HMS\HMS-back-end\target\test-classes;D:\items\SE\HMS\HMS-back-end\target\classes;D:\items\_apache-maven-3.6.1\mvn_resp\org\springframework\boot\spring-boot-starter-web\3.0.5\spring-boot-starter-web-3.0.5.jar;D:\items\_apache-maven-3.6.1\mvn_resp\org\springframework\boot\spring-boot-starter\3.0.5\spring-boot-starter-3.0.5.jar;D:\items\_apache-maven-3.6.1\mvn_resp\org\springframework\boot\spring-boot\3.0.5\spring-boot-3.0.5.jar;D:\items\_apache-maven-3.6.1\mvn_resp\org\springframework\boot\spring-boot-autoconfigure\3.0.5\spring-boot-autoconfigure-3.0.5.jar;D:\items\_apache-maven-3.6.1\mvn_resp\org\springframework\boot\spring-boot-starter-logging\3.0.5\spring-boot-starter-logging-3.0.5.jar;D:\items\_apache-maven-3.6.1\mvn_resp\ch\qos\logback\logback-classic\1.4.6\logback-classic-1.4.6.jar;D:\items\_apache-maven-3.6.1\mvn_resp\ch\qos\logback\logback-core\1.4.6\logback-core-1.4.6.jar;D:\items\_apache-maven-3.6.1\mvn_resp\org\apache\logging\log4j\log4j-to-slf4j\2.19.0\log4j-to-slf4j-2.19.0.jar;D:\items\_apache-maven-3.6.1\mvn_resp\org\apache\logging\log4j\log4j-api\2.19.0\log4j-api-2.19.0.jar;D:\items\_apache-maven-3.6.1\mvn_resp\org\slf4j\jul-to-slf4j\2.0.7\jul-to-slf4j-2.0.7.jar;D:\items\_apache-maven-3.6.1\mvn_resp\jakarta\annotation\jakarta.annotation-api\2.1.1\jakarta.annotation-api-2.1.1.jar;D:\items\_apache-maven-3.6.1\mvn_resp\org\yaml\snakeyaml\1.33\snakeyaml-1.33.jar;D:\items\_apache-maven-3.6.1\mvn_resp\org\springframework\boot\spring-boot-starter-json\3.0.5\spring-boot-starter-json-3.0.5.jar;D:\items\_apache-maven-3.6.1\mvn_resp\com\fasterxml\jackson\core\jackson-databind\2.14.2\jackson-databind-2.14.2.jar;D:\items\_apache-maven-3.6.1\mvn_resp\com\fasterxml\jackson\core\jackson-annotations\2.14.2\jackson-annotations-2.14.2.jar;D:\items\_apache-maven-3.6.1\mvn_resp\com\fasterxml\jackson\core\jackson-core\2.14.2\jackson-core-2.14.2.jar;D:\items\_apache-maven-3.6.1\mvn_resp\com\fasterxml\jackson\datatype\jackson-datatype-jdk8\2.14.2\jackson-datatype-jdk8-2.14.2.jar;D:\items\_apache-maven-3.6.1\mvn_resp\com\fasterxml\jackson\datatype\jackson-datatype-jsr310\2.14.2\jackson-datatype-jsr310-2.14.2.jar;D:\items\_apache-maven-3.6.1\mvn_resp\com\fasterxml\jackson\module\jackson-module-parameter-names\2.14.2\jackson-module-parameter-names-2.14.2.jar;D:\items\_apache-maven-3.6.1\mvn_resp\org\springframework\boot\spring-boot-starter-tomcat\3.0.5\spring-boot-starter-tomcat-3.0.5.jar;D:\items\_apache-maven-3.6.1\mvn_resp\org\apache\tomcat\embed\tomcat-embed-core\10.1.7\tomcat-embed-core-10.1.7.jar;D:\items\_apache-maven-3.6.1\mvn_resp\org\apache\tomcat\embed\tomcat-embed-el\10.1.7\tomcat-embed-el-10.1.7.jar;D:\items\_apache-maven-3.6.1\mvn_resp\org\apache\tomcat\embed\tomcat-embed-websocket\10.1.7\tomcat-embed-websocket-10.1.7.jar;D:\items\_apache-maven-3.6.1\mvn_resp\org\springframework\spring-web\6.0.7\spring-web-6.0.7.jar;D:\items\_apache-maven-3.6.1\mvn_resp\org\springframework\spring-beans\6.0.7\spring-beans-6.0.7.jar;D:\items\_apache-maven-3.6.1\mvn_resp\io\micrometer\micrometer-observation\1.10.5\micrometer-observation-1.10.5.jar;D:\items\_apache-maven-3.6.1\mvn_resp\io\micrometer\micrometer-commons\1.10.5\micrometer-commons-1.10.5.jar;D:\items\_apache-maven-3.6.1\mvn_resp\org\springframework\spring-webmvc\6.0.7\spring-webmvc-6.0.7.jar;D:\items\_apache-maven-3.6.1\mvn_resp\org\springframework\spring-aop\6.0.7\spring-aop-6.0.7.jar;D:\items\_apache-maven-3.6.1\mvn_resp\org\springframework\spring-context\6.0.7\spring-context-6.0.7.jar;D:\items\_apache-maven-3.6.1\mvn_resp\org\springframework\spring-expression\6.0.7\spring-expression-6.0.7.jar;D:\items\_apache-maven-3.6.1\mvn_resp\org\mybatis\spring\boot\mybatis-spring-boot-starter\3.0.0\mybatis-spring-boot-starter-3.0.0.jar;D:\items\_apache-maven-3.6.1\mvn_resp\org\springframework\boot\spring-boot-starter-jdbc\3.0.5\spring-boot-starter-jdbc-3.0.5.jar;D:\items\_apache-maven-3.6.1\mvn_resp\com\zaxxer\HikariCP\5.0.1\HikariCP-5.0.1.jar;D:\items\_apache-maven-3.6.1\mvn_resp\org\springframework\spring-jdbc\6.0.7\spring-jdbc-6.0.7.jar;D:\items\_apache-maven-3.6.1\mvn_resp\org\springframework\spring-tx\6.0.7\spring-tx-6.0.7.jar;D:\items\_apache-maven-3.6.1\mvn_resp\org\mybatis\spring\boot\mybatis-spring-boot-autoconfigure\3.0.0\mybatis-spring-boot-autoconfigure-3.0.0.jar;D:\items\_apache-maven-3.6.1\mvn_resp\org\mybatis\mybatis\3.5.11\mybatis-3.5.11.jar;D:\items\_apache-maven-3.6.1\mvn_resp\org\mybatis\mybatis-spring\3.0.0\mybatis-spring-3.0.0.jar;D:\items\_apache-maven-3.6.1\mvn_resp\com\mysql\mysql-connector-j\8.0.32\mysql-connector-j-8.0.32.jar;D:\items\_apache-maven-3.6.1\mvn_resp\org\springframework\boot\spring-boot-starter-test\3.0.5\spring-boot-starter-test-3.0.5.jar;D:\items\_apache-maven-3.6.1\mvn_resp\org\springframework\boot\spring-boot-test\3.0.5\spring-boot-test-3.0.5.jar;D:\items\_apache-maven-3.6.1\mvn_resp\org\springframework\boot\spring-boot-test-autoconfigure\3.0.5\spring-boot-test-autoconfigure-3.0.5.jar;D:\items\_apache-maven-3.6.1\mvn_resp\com\jayway\jsonpath\json-path\2.7.0\json-path-2.7.0.jar;D:\items\_apache-maven-3.6.1\mvn_resp\net\minidev\json-smart\2.4.10\json-smart-2.4.10.jar;D:\items\_apache-maven-3.6.1\mvn_resp\net\minidev\accessors-smart\2.4.9\accessors-smart-2.4.9.jar;D:\items\_apache-maven-3.6.1\mvn_resp\org\ow2\asm\asm\9.3\asm-9.3.jar;D:\items\_apache-maven-3.6.1\mvn_resp\org\slf4j\slf4j-api\2.0.7\slf4j-api-2.0.7.jar;D:\items\_apache-maven-3.6.1\mvn_resp\jakarta\xml\bind\jakarta.xml.bind-api\4.0.0\jakarta.xml.bind-api-4.0.0.jar;D:\items\_apache-maven-3.6.1\mvn_resp\jakarta\activation\jakarta.activation-api\2.1.1\jakarta.activation-api-2.1.1.jar;D:\items\_apache-maven-3.6.1\mvn_resp\org\assertj\assertj-core\3.23.1\assertj-core-3.23.1.jar;D:\items\_apache-maven-3.6.1\mvn_resp\net\bytebuddy\byte-buddy\1.12.23\byte-buddy-1.12.23.jar;D:\items\_apache-maven-3.6.1\mvn_resp\org\hamcrest\hamcrest\2.2\hamcrest-2.2.jar;D:\items\_apache-maven-3.6.1\mvn_resp\org\junit\jupiter\junit-jupiter\5.9.2\junit-jupiter-5.9.2.jar;D:\items\_apache-maven-3.6.1\mvn_resp\org\junit\jupiter\junit-jupiter-api\5.9.2\junit-jupiter-api-5.9.2.jar;D:\items\_apache-maven-3.6.1\mvn_resp\org\opentest4j\opentest4j\1.2.0\opentest4j-1.2.0.jar;D:\items\_apache-maven-3.6.1\mvn_resp\org\junit\platform\junit-platform-commons\1.9.2\junit-platform-commons-1.9.2.jar;D:\items\_apache-maven-3.6.1\mvn_resp\org\apiguardian\apiguardian-api\1.1.2\apiguardian-api-1.1.2.jar;D:\items\_apache-maven-3.6.1\mvn_resp\org\junit\jupiter\junit-jupiter-params\5.9.2\junit-jupiter-params-5.9.2.jar;D:\items\_apache-maven-3.6.1\mvn_resp\org\junit\jupiter\junit-jupiter-engine\5.9.2\junit-jupiter-engine-5.9.2.jar;D:\items\_apache-maven-3.6.1\mvn_resp\org\junit\platform\junit-platform-engine\1.9.2\junit-platform-engine-1.9.2.jar;D:\items\_apache-maven-3.6.1\mvn_resp\org\mockito\mockito-core\4.8.1\mockito-core-4.8.1.jar;D:\items\_apache-maven-3.6.1\mvn_resp\net\bytebuddy\byte-buddy-agent\1.12.23\byte-buddy-agent-1.12.23.jar;D:\items\_apache-maven-3.6.1\mvn_resp\org\objenesis\objenesis\3.2\objenesis-3.2.jar;D:\items\_apache-maven-3.6.1\mvn_resp\org\mockito\mockito-junit-jupiter\4.8.1\mockito-junit-jupiter-4.8.1.jar;D:\items\_apache-maven-3.6.1\mvn_resp\org\skyscreamer\jsonassert\1.5.1\jsonassert-1.5.1.jar;D:\items\_apache-maven-3.6.1\mvn_resp\com\vaadin\external\google\android-json\0.0.20131108.vaadin1\android-json-0.0.20131108.vaadin1.jar;D:\items\_apache-maven-3.6.1\mvn_resp\org\springframework\spring-core\6.0.7\spring-core-6.0.7.jar;D:\items\_apache-maven-3.6.1\mvn_resp\org\springframework\spring-jcl\6.0.7\spring-jcl-6.0.7.jar;D:\items\_apache-maven-3.6.1\mvn_resp\org\springframework\spring-test\6.0.7\spring-test-6.0.7.jar;D:\items\_apache-maven-3.6.1\mvn_resp\org\xmlunit\xmlunit-core\2.9.1\xmlunit-core-2.9.1.jar;D:\items\_apache-maven-3.6.1\mvn_resp\org\apache\commons\commons-lang3\3.12.0\commons-lang3-3.12.0.jar;D:\items\_apache-maven-3.6.1\mvn_resp\org\jsoup\jsoup\1.10.2\jsoup-1.10.2.jar;D:\items\_apache-maven-3.6.1\mvn_resp\org\projectlombok\lombok\1.18.26\lombok-1.18.26.jar;D:\items\_apache-maven-3.6.1\mvn_resp\javax\mail\mail\1.4.4\mail-1.4.4.jar;D:\items\_apache-maven-3.6.1\mvn_resp\javax\activation\activation\1.1\activation-1.1.jar;D:\items\_apache-maven-3.6.1\mvn_resp\com\alibaba\fastjson\1.2.62\fastjson-1.2.62.jar;"/>
    <property name="java.vm.vendor" value="Oracle Corporation"/>
    <property name="sun.arch.data.model" value="64"/>
    <property name="user.variant" value=""/>
    <property name="java.vendor.url" value="https://java.oracle.com/"/>
    <property name="user.timezone" value="Asia/Shanghai"/>
    <property name="os.name" value="Windows 10"/>
    <property name="java.vm.specification.version" value="17"/>
    <property name="sun.java.launcher" value="SUN_STANDARD"/>
    <property name="user.country" value="CN"/>
    <property name="sun.boot.library.path" value="E:\JDK\bin"/>
    <property name="sun.java.command" value="C:\Users\AlpaCa\AppData\Local\Temp\surefire17721767022380323004\surefirebooter17981155289461942042.jar C:\Users\AlpaCa\AppData\Local\Temp\surefire17721767022380323004 2023-05-16T10-55-01_068-jvmRun1 surefire10727248651250258326tmp surefire_04314696877450229487tmp"/>
    <property name="jdk.debug" value="release"/>
    <property name="surefire.test.class.path" value="D:\items\SE\HMS\HMS-back-end\target\test-classes;D:\items\SE\HMS\HMS-back-end\target\classes;D:\items\_apache-maven-3.6.1\mvn_resp\org\springframework\boot\spring-boot-starter-web\3.0.5\spring-boot-starter-web-3.0.5.jar;D:\items\_apache-maven-3.6.1\mvn_resp\org\springframework\boot\spring-boot-starter\3.0.5\spring-boot-starter-3.0.5.jar;D:\items\_apache-maven-3.6.1\mvn_resp\org\springframework\boot\spring-boot\3.0.5\spring-boot-3.0.5.jar;D:\items\_apache-maven-3.6.1\mvn_resp\org\springframework\boot\spring-boot-autoconfigure\3.0.5\spring-boot-autoconfigure-3.0.5.jar;D:\items\_apache-maven-3.6.1\mvn_resp\org\springframework\boot\spring-boot-starter-logging\3.0.5\spring-boot-starter-logging-3.0.5.jar;D:\items\_apache-maven-3.6.1\mvn_resp\ch\qos\logback\logback-classic\1.4.6\logback-classic-1.4.6.jar;D:\items\_apache-maven-3.6.1\mvn_resp\ch\qos\logback\logback-core\1.4.6\logback-core-1.4.6.jar;D:\items\_apache-maven-3.6.1\mvn_resp\org\apache\logging\log4j\log4j-to-slf4j\2.19.0\log4j-to-slf4j-2.19.0.jar;D:\items\_apache-maven-3.6.1\mvn_resp\org\apache\logging\log4j\log4j-api\2.19.0\log4j-api-2.19.0.jar;D:\items\_apache-maven-3.6.1\mvn_resp\org\slf4j\jul-to-slf4j\2.0.7\jul-to-slf4j-2.0.7.jar;D:\items\_apache-maven-3.6.1\mvn_resp\jakarta\annotation\jakarta.annotation-api\2.1.1\jakarta.annotation-api-2.1.1.jar;D:\items\_apache-maven-3.6.1\mvn_resp\org\yaml\snakeyaml\1.33\snakeyaml-1.33.jar;D:\items\_apache-maven-3.6.1\mvn_resp\org\springframework\boot\spring-boot-starter-json\3.0.5\spring-boot-starter-json-3.0.5.jar;D:\items\_apache-maven-3.6.1\mvn_resp\com\fasterxml\jackson\core\jackson-databind\2.14.2\jackson-databind-2.14.2.jar;D:\items\_apache-maven-3.6.1\mvn_resp\com\fasterxml\jackson\core\jackson-annotations\2.14.2\jackson-annotations-2.14.2.jar;D:\items\_apache-maven-3.6.1\mvn_resp\com\fasterxml\jackson\core\jackson-core\2.14.2\jackson-core-2.14.2.jar;D:\items\_apache-maven-3.6.1\mvn_resp\com\fasterxml\jackson\datatype\jackson-datatype-jdk8\2.14.2\jackson-datatype-jdk8-2.14.2.jar;D:\items\_apache-maven-3.6.1\mvn_resp\com\fasterxml\jackson\datatype\jackson-datatype-jsr310\2.14.2\jackson-datatype-jsr310-2.14.2.jar;D:\items\_apache-maven-3.6.1\mvn_resp\com\fasterxml\jackson\module\jackson-module-parameter-names\2.14.2\jackson-module-parameter-names-2.14.2.jar;D:\items\_apache-maven-3.6.1\mvn_resp\org\springframework\boot\spring-boot-starter-tomcat\3.0.5\spring-boot-starter-tomcat-3.0.5.jar;D:\items\_apache-maven-3.6.1\mvn_resp\org\apache\tomcat\embed\tomcat-embed-core\10.1.7\tomcat-embed-core-10.1.7.jar;D:\items\_apache-maven-3.6.1\mvn_resp\org\apache\tomcat\embed\tomcat-embed-el\10.1.7\tomcat-embed-el-10.1.7.jar;D:\items\_apache-maven-3.6.1\mvn_resp\org\apache\tomcat\embed\tomcat-embed-websocket\10.1.7\tomcat-embed-websocket-10.1.7.jar;D:\items\_apache-maven-3.6.1\mvn_resp\org\springframework\spring-web\6.0.7\spring-web-6.0.7.jar;D:\items\_apache-maven-3.6.1\mvn_resp\org\springframework\spring-beans\6.0.7\spring-beans-6.0.7.jar;D:\items\_apache-maven-3.6.1\mvn_resp\io\micrometer\micrometer-observation\1.10.5\micrometer-observation-1.10.5.jar;D:\items\_apache-maven-3.6.1\mvn_resp\io\micrometer\micrometer-commons\1.10.5\micrometer-commons-1.10.5.jar;D:\items\_apache-maven-3.6.1\mvn_resp\org\springframework\spring-webmvc\6.0.7\spring-webmvc-6.0.7.jar;D:\items\_apache-maven-3.6.1\mvn_resp\org\springframework\spring-aop\6.0.7\spring-aop-6.0.7.jar;D:\items\_apache-maven-3.6.1\mvn_resp\org\springframework\spring-context\6.0.7\spring-context-6.0.7.jar;D:\items\_apache-maven-3.6.1\mvn_resp\org\springframework\spring-expression\6.0.7\spring-expression-6.0.7.jar;D:\items\_apache-maven-3.6.1\mvn_resp\org\mybatis\spring\boot\mybatis-spring-boot-starter\3.0.0\mybatis-spring-boot-starter-3.0.0.jar;D:\items\_apache-maven-3.6.1\mvn_resp\org\springframework\boot\spring-boot-starter-jdbc\3.0.5\spring-boot-starter-jdbc-3.0.5.jar;D:\items\_apache-maven-3.6.1\mvn_resp\com\zaxxer\HikariCP\5.0.1\HikariCP-5.0.1.jar;D:\items\_apache-maven-3.6.1\mvn_resp\org\springframework\spring-jdbc\6.0.7\spring-jdbc-6.0.7.jar;D:\items\_apache-maven-3.6.1\mvn_resp\org\springframework\spring-tx\6.0.7\spring-tx-6.0.7.jar;D:\items\_apache-maven-3.6.1\mvn_resp\org\mybatis\spring\boot\mybatis-spring-boot-autoconfigure\3.0.0\mybatis-spring-boot-autoconfigure-3.0.0.jar;D:\items\_apache-maven-3.6.1\mvn_resp\org\mybatis\mybatis\3.5.11\mybatis-3.5.11.jar;D:\items\_apache-maven-3.6.1\mvn_resp\org\mybatis\mybatis-spring\3.0.0\mybatis-spring-3.0.0.jar;D:\items\_apache-maven-3.6.1\mvn_resp\com\mysql\mysql-connector-j\8.0.32\mysql-connector-j-8.0.32.jar;D:\items\_apache-maven-3.6.1\mvn_resp\org\springframework\boot\spring-boot-starter-test\3.0.5\spring-boot-starter-test-3.0.5.jar;D:\items\_apache-maven-3.6.1\mvn_resp\org\springframework\boot\spring-boot-test\3.0.5\spring-boot-test-3.0.5.jar;D:\items\_apache-maven-3.6.1\mvn_resp\org\springframework\boot\spring-boot-test-autoconfigure\3.0.5\spring-boot-test-autoconfigure-3.0.5.jar;D:\items\_apache-maven-3.6.1\mvn_resp\com\jayway\jsonpath\json-path\2.7.0\json-path-2.7.0.jar;D:\items\_apache-maven-3.6.1\mvn_resp\net\minidev\json-smart\2.4.10\json-smart-2.4.10.jar;D:\items\_apache-maven-3.6.1\mvn_resp\net\minidev\accessors-smart\2.4.9\accessors-smart-2.4.9.jar;D:\items\_apache-maven-3.6.1\mvn_resp\org\ow2\asm\asm\9.3\asm-9.3.jar;D:\items\_apache-maven-3.6.1\mvn_resp\org\slf4j\slf4j-api\2.0.7\slf4j-api-2.0.7.jar;D:\items\_apache-maven-3.6.1\mvn_resp\jakarta\xml\bind\jakarta.xml.bind-api\4.0.0\jakarta.xml.bind-api-4.0.0.jar;D:\items\_apache-maven-3.6.1\mvn_resp\jakarta\activation\jakarta.activation-api\2.1.1\jakarta.activation-api-2.1.1.jar;D:\items\_apache-maven-3.6.1\mvn_resp\org\assertj\assertj-core\3.23.1\assertj-core-3.23.1.jar;D:\items\_apache-maven-3.6.1\mvn_resp\net\bytebuddy\byte-buddy\1.12.23\byte-buddy-1.12.23.jar;D:\items\_apache-maven-3.6.1\mvn_resp\org\hamcrest\hamcrest\2.2\hamcrest-2.2.jar;D:\items\_apache-maven-3.6.1\mvn_resp\org\junit\jupiter\junit-jupiter\5.9.2\junit-jupiter-5.9.2.jar;D:\items\_apache-maven-3.6.1\mvn_resp\org\junit\jupiter\junit-jupiter-api\5.9.2\junit-jupiter-api-5.9.2.jar;D:\items\_apache-maven-3.6.1\mvn_resp\org\opentest4j\opentest4j\1.2.0\opentest4j-1.2.0.jar;D:\items\_apache-maven-3.6.1\mvn_resp\org\junit\platform\junit-platform-commons\1.9.2\junit-platform-commons-1.9.2.jar;D:\items\_apache-maven-3.6.1\mvn_resp\org\apiguardian\apiguardian-api\1.1.2\apiguardian-api-1.1.2.jar;D:\items\_apache-maven-3.6.1\mvn_resp\org\junit\jupiter\junit-jupiter-params\5.9.2\junit-jupiter-params-5.9.2.jar;D:\items\_apache-maven-3.6.1\mvn_resp\org\junit\jupiter\junit-jupiter-engine\5.9.2\junit-jupiter-engine-5.9.2.jar;D:\items\_apache-maven-3.6.1\mvn_resp\org\junit\platform\junit-platform-engine\1.9.2\junit-platform-engine-1.9.2.jar;D:\items\_apache-maven-3.6.1\mvn_resp\org\mockito\mockito-core\4.8.1\mockito-core-4.8.1.jar;D:\items\_apache-maven-3.6.1\mvn_resp\net\bytebuddy\byte-buddy-agent\1.12.23\byte-buddy-agent-1.12.23.jar;D:\items\_apache-maven-3.6.1\mvn_resp\org\objenesis\objenesis\3.2\objenesis-3.2.jar;D:\items\_apache-maven-3.6.1\mvn_resp\org\mockito\mockito-junit-jupiter\4.8.1\mockito-junit-jupiter-4.8.1.jar;D:\items\_apache-maven-3.6.1\mvn_resp\org\skyscreamer\jsonassert\1.5.1\jsonassert-1.5.1.jar;D:\items\_apache-maven-3.6.1\mvn_resp\com\vaadin\external\google\android-json\0.0.20131108.vaadin1\android-json-0.0.20131108.vaadin1.jar;D:\items\_apache-maven-3.6.1\mvn_resp\org\springframework\spring-core\6.0.7\spring-core-6.0.7.jar;D:\items\_apache-maven-3.6.1\mvn_resp\org\springframework\spring-jcl\6.0.7\spring-jcl-6.0.7.jar;D:\items\_apache-maven-3.6.1\mvn_resp\org\springframework\spring-test\6.0.7\spring-test-6.0.7.jar;D:\items\_apache-maven-3.6.1\mvn_resp\org\xmlunit\xmlunit-core\2.9.1\xmlunit-core-2.9.1.jar;D:\items\_apache-maven-3.6.1\mvn_resp\org\apache\commons\commons-lang3\3.12.0\commons-lang3-3.12.0.jar;D:\items\_apache-maven-3.6.1\mvn_resp\org\jsoup\jsoup\1.10.2\jsoup-1.10.2.jar;D:\items\_apache-maven-3.6.1\mvn_resp\org\projectlombok\lombok\1.18.26\lombok-1.18.26.jar;D:\items\_apache-maven-3.6.1\mvn_resp\javax\mail\mail\1.4.4\mail-1.4.4.jar;D:\items\_apache-maven-3.6.1\mvn_resp\javax\activation\activation\1.1\activation-1.1.jar;D:\items\_apache-maven-3.6.1\mvn_resp\com\alibaba\fastjson\1.2.62\fastjson-1.2.62.jar;"/>
    <property name="sun.cpu.endian" value="little"/>
    <property name="user.home" value="C:\Users\AlpaCa"/>
    <property name="user.language" value="zh"/>
    <property name="java.specification.vendor" value="Oracle Corporation"/>
    <property name="java.version.date" value="2022-04-22"/>
    <property name="java.home" value="E:\JDK"/>
    <property name="file.separator" value="\"/>
    <property name="basedir" value="D:\items\SE\HMS\HMS-back-end"/>
    <property name="java.vm.compressedOopsMode" value="Zero based"/>
    <property name="line.separator" value="&#10;"/>
    <property name="java.vm.specification.vendor" value="Oracle Corporation"/>
    <property name="java.specification.name" value="Java Platform API Specification"/>
    <property name="surefire.real.class.path" value="C:\Users\AlpaCa\AppData\Local\Temp\surefire17721767022380323004\surefirebooter17981155289461942042.jar"/>
    <property name="user.script" value=""/>
    <property name="sun.management.compiler" value="HotSpot 64-Bit Tiered Compilers"/>
    <property name="java.runtime.version" value="17.0.3.1+2-LTS-6"/>
    <property name="user.name" value="AlpaCa"/>
    <property name="path.separator" value=";"/>
    <property name="os.version" value="10.0"/>
    <property name="java.runtime.name" value="Java(TM) SE Runtime Environment"/>
    <property name="file.encoding" value="GBK"/>
    <property name="java.vm.name" value="Java HotSpot(TM) 64-Bit Server VM"/>
    <property name="localRepository" value="D:\items\_apache-maven-3.6.1\mvn_resp"/>
    <property name="java.vendor.url.bug" value="https://bugreport.java.com/bugreport/"/>
    <property name="java.io.tmpdir" value="C:\Users\AlpaCa\AppData\Local\Temp\"/>
    <property name="idea.version" value="2022.1.4"/>
    <property name="java.version" value="17.0.3.1"/>
    <property name="user.dir" value="D:\items\SE\HMS\HMS-back-end"/>
    <property name="os.arch" value="amd64"/>
    <property name="java.vm.specification.name" value="Java Virtual Machine Specification"/>
    <property name="sun.os.patch.level" value=""/>
    <property name="native.encoding" value="GBK"/>
    <property name="java.library.path" value="E:\JDK\bin;C:\Windows\Sun\Java\bin;C:\Windows\system32;C:\Windows;D:\python\Scripts;D:\python\;E:\JDK\bin;C:\Windows\system32;D:\items\_mysql-8.0-winx64\bin;D:\items\_apache-maven-3.6.1\bin;C:\Program Files (x86)\Common Files\Intel\Shared Libraries\redist\intel64\compiler;C:\Windows;C:\Windows\System32\Wbem;C:\Windows\System32\WindowsPowerShell\v1.0\;C:\Windows\System32\OpenSSH\;C:\Program Files (x86)\Wolfram Research\WolframScript\;E:\Git\Git\cmd;D:\UltraEdit;D:\items\.androidSDK\android-sdk-windows\platform-tools;D:\items\.androidSDK\android-sdk-windows\tools;D:\items\.androidSDK\android-sdk-windows\build-tools\29.0.0;E:\AnyShare\北航云盘;C:\Program Files (x86)\dotnet\;C:\Program Files\Docker\Docker\resources\bin;D:\python\Scripts\;D:\python\;C:\Users\AlpaCa\AppData\Local\Microsoft\WindowsApps;E:\bandzip\;D:\vscode\Microsoft VS Code\bin;C:\Program Files\cmake-3.17.0-rc3-win64-x64\bin;C:\Program Files\mingw64\bin;C:\Users\AlpaCa\AppData\Local\GitHubDesktop\bin;."/>
    <property name="java.vm.info" value="mixed mode, sharing"/>
    <property name="java.vendor" value="Oracle Corporation"/>
    <property name="java.vm.version" value="17.0.3.1+2-LTS-6"/>
    <property name="sun.io.unicode.encoding" value="UnicodeLittle"/>
    <property name="java.class.version" value="61.0"/>
  </properties>
  <testcase name="contextLoads" classname="com.se.hmsbackend.HmsBackEndApplicationTests" time="0.956"/>
</testsuite>